============================================================
Cytokine Trajectory Model Training
============================================================
Using specified GPU: 0
[2025-04-20 00:54:51] Training started at: 20250420_005451
[2025-04-20 00:54:51] Available GPUs: 4
[2025-04-20 00:54:51] Using specified GPU 0: cuda:0
[2025-04-20 00:54:51] Loading data...
[2025-04-20 00:54:53] Training data shape: (235574, 1647)
[2025-04-20 00:54:53] Test data shape: (58894, 1647)
[2025-04-20 00:54:53] Processing gene set consistency...
[2025-04-20 00:54:53] Training genes: 1647
[2025-04-20 00:54:53] Test genes: 1647
[2025-04-20 00:54:53] Common genes: 1647
[2025-04-20 00:55:21] Training set perturbation dimension: 3
[2025-04-20 00:55:22] Training set time dimension: 3
[2025-04-20 00:55:22] Dataset created: 164330 target cells, 1647 features
[2025-04-20 00:55:25] Test set perturbation dimension: 3
[2025-04-20 00:55:25] Test set time dimension: 3
[2025-04-20 00:55:25] Dataset created: 41083 target cells, 1647 features
[2025-04-20 00:55:25] Standardized perturbation encoding: 3 dimensions
[2025-04-20 00:55:25] All perturbation types: ['2i (LIF+MEKi+GSK3i)', 'Dox', 'control']
[2025-04-20 00:55:25] Model input dim (full genes): 1647, Model output dim (full genes): 1647
[2025-04-20 00:55:25] input_dim: 1647
[2025-04-20 00:55:25] output_dim: 1647
[2025-04-20 00:55:25] pert_dim: 3
[2025-04-20 00:55:25] time_dim: 3
[2025-04-20 00:55:25] latent_dim: 128
[2025-04-20 00:55:25] hidden_dim: 512
[2025-04-20 00:55:25] use_optimal_transport: True
[2025-04-20 00:55:25] use_contrastive: True
[2025-04-20 00:55:25] learning_rate: 0.005
[2025-04-20 00:55:25] weight_decay: 0.0001
[2025-04-20 00:55:25] batch_size: 64
[2025-04-20 00:55:27] Training model...

Training:   0%|          | 0/2054 [00:00<?, ?it/s]
Training:   1%|▏         | 21/2054 [00:00<00:58, 34.82it/s]
Training:   3%|▎         | 62/2054 [00:01<00:57, 34.91it/s]
Training:   5%|▌         | 102/2054 [00:02<00:56, 34.88it/s]
Training:   8%|▊         | 164/2054 [00:04<00:54, 34.95it/s]
Training:  10%|█         | 205/2054 [00:05<00:53, 34.92it/s]
Training:  12%|█▏        | 246/2054 [00:07<00:51, 35.01it/s]
Training:  15%|█▌        | 308/2054 [00:08<00:50, 34.98it/s]
Training:  17%|█▋        | 349/2054 [00:10<00:48, 35.05it/s]
Training:  20%|██        | 410/2054 [00:11<00:47, 35.02it/s]
Training:  22%|██▏       | 451/2054 [00:12<00:45, 35.08it/s]
Training:  25%|██▌       | 513/2054 [00:54<00:44, 35.05it/s]
Training:  27%|██▋       | 554/2054 [00:55<00:42, 35.12it/s]
Training:  30%|███       | 615/2054 [00:17<00:41, 35.09it/s]
Training:  32%|███▏      | 656/2054 [00:18<00:39, 35.15it/s]
Training:  35%|███▌      | 718/2054 [00:20<00:38, 35.12it/s]
Training:  37%|███▋      | 759/2054 [00:21<00:36, 35.18it/s]
Training:  40%|████      | 820/2054 [00:23<00:35, 35.15it/s]
Training:  42%|████▏     | 861/2054 [00:24<00:33, 35.21it/s]
Training:  45%|████▌     | 923/2054 [00:26<00:32, 35.18it/s]
Training:  47%|████▋     | 964/2054 [00:27<00:31, 35.24it/s]
Training:  50%|█████     | 1025/2054 [00:29<00:29, 35.21it/s]
Training:  52%|█████▏    | 1066/2054 [00:30<00:28, 35.27it/s]
Training:  55%|█████▌    | 1128/2054 [00:32<00:26, 35.24it/s]
Training:  57%|█████▋    | 1169/2054 [00:33<00:25, 35.30it/s]
Training:  60%|██████    | 1230/2054 [00:35<00:23, 35.27it/s]
Training:  62%|██████▏   | 1271/2054 [00:36<00:22, 35.33it/s]
Training:  65%|██████▌   | 1333/2054 [00:38<00:20, 35.30it/s]
Training:  67%|██████▋   | 1374/2054 [00:39<00:19, 35.36it/s]
Training:  70%|███████   | 1435/2054 [00:41<00:17, 35.33it/s]
Training:  72%|███████▏  | 1476/2054 [00:42<00:16, 35.39it/s]
Training:  75%|███████▌  | 1538/2054 [00:44<00:54, 35.36it/s]
Training:  77%|███████▋  | 1579/2054 [00:45<00:13, 35.42it/s]
Training:  80%|████████  | 1640/2054 [00:47<00:11, 35.39it/s]
Training:  82%|████████▏ | 1681/2054 [00:48<00:10, 35.45it/s]
Training:  85%|████████▌ | 1743/2054 [00:50<00:08, 35.42it/s]
Training:  87%|████████▋ | 1784/2054 [00:51<00:07, 35.48it/s]
Training:  90%|█████████ | 1845/2054 [00:53<00:05, 35.45it/s]
Training:  92%|█████████▏| 1886/2054 [00:54<00:04, 35.51it/s]
Training:  95%|█████████▌| 1948/2054 [00:56<00:02, 35.48it/s]
Training:  97%|█████████▋| 1989/2054 [00:57<00:01, 35.54it/s]
Training: 100%|██████████| 2054/2054 [00:58<00:00, 35.51it/s]
                                                         
[2025-04-20 01:26:36] Saved best model with validation loss: 0.0072
[2025-04-20 01:28:47] Saved best model with validation loss: 0.0071
[2025-04-20 01:31:04] Saved best model with validation loss: 0.0070
[2025-04-20 01:32:13] Saved best model with validation loss: 0.0070
[2025-04-20 01:33:19] Saved best model with validation loss: 0.0070

Training:   0%|          | 0/2054 [00:00<?, ?it/s]
Training:   1%|▏         | 21/2054 [00:00<00:58, 34.82it/s]
Training:   3%|▎         | 62/2054 [00:01<00:57, 34.91it/s]
Training:   5%|▌         | 102/2054 [00:02<00:56, 34.88it/s]
Training:   8%|▊         | 164/2054 [00:04<00:54, 34.95it/s]
Training:  10%|█         | 205/2054 [00:05<00:53, 34.92it/s]
Training:  12%|█▏        | 246/2054 [00:07<00:51, 35.01it/s]
Training:  15%|█▌        | 308/2054 [00:08<00:50, 34.98it/s]
Training:  17%|█▋        | 349/2054 [00:10<00:48, 35.05it/s]
Training:  20%|██        | 410/2054 [00:11<00:47, 35.02it/s]
Training:  22%|██▏       | 451/2054 [00:12<00:45, 35.08it/s]
Training:  25%|██▌       | 513/2054 [00:14<00:44, 35.05it/s]
Training:  27%|██▋       | 554/2054 [00:15<00:42, 35.12it/s]
Training:  30%|███       | 615/2054 [00:17<00:41, 35.09it/s]
Training:  32%|███▏      | 656/2054 [00:18<00:39, 35.15it/s]
Training:  35%|███▌      | 718/2054 [00:20<00:38, 35.12it/s]
Training:  37%|███▋      | 759/2054 [00:21<00:36, 35.18it/s]
Training:  40%|████      | 820/2054 [00:23<00:35, 35.15it/s]
Training:  42%|████▏     | 861/2054 [00:24<00:33, 35.21it/s]
Training:  45%|████▌     | 923/2054 [00:26<00:32, 35.18it/s]
Training:  47%|████▋     | 964/2054 [00:27<00:31, 35.24it/s]
Training:  50%|█████     | 1025/2054 [00:29<00:29, 35.21it/s]
Training:  52%|█████▏    | 1066/2054 [00:30<00:28, 35.27it/s]
Training:  55%|█████▌    | 1128/2054 [00:32<00:26, 35.24it/s]
Training:  57%|█████▋    | 1169/2054 [00:33<00:25, 35.30it/s]
Training:  60%|██████    | 1230/2054 [00:35<00:23, 35.27it/s]
Training:  62%|██████▏   | 1271/2054 [00:36<00:22, 35.33it/s]
Training:  65%|██████▌   | 1333/2054 [00:38<00:20, 35.30it/s]
Training:  67%|██████▋   | 1374/2054 [00:39<00:19, 35.36it/s]
Training:  70%|███████   | 1435/2054 [00:41<00:17, 35.33it/s]
Training:  72%|███████▏  | 1476/2054 [00:42<00:16, 35.39it/s]
Training:  75%|███████▌  | 1538/2054 [00:44<00:14, 35.36it/s]
Training:  77%|███████▋  | 1579/2054 [00:45<00:13, 35.42it/s]
Training:  80%|████████  | 1640/2054 [00:47<00:11, 35.39it/s]
Training:  82%|████████▏ | 1681/2054 [00:48<00:10, 35.45it/s]
Training:  85%|████████▌ | 1743/2054 [00:50<00:08, 35.42it/s]
Training:  87%|████████▋ | 1784/2054 [00:51<00:07, 35.48it/s]
Training:  90%|█████████ | 1845/2054 [00:53<00:05, 35.45it/s]
Training:  92%|█████████▏| 1886/2054 [00:54<00:04, 35.51it/s]
Training:  95%|█████████▌| 1948/2054 [00:56<00:02, 35.48it/s]
Training:  97%|█████████▋| 1989/2054 [00:57<00:01, 35.54it/s]
Training: 100%|██████████| 2054/2054 [00:58<00:00, 35.51it/s]

Evaluating:   0%|          | 0/513 [00:00<?, ?it/s]
Evaluating:   5%|▍         | 26/513 [00:00<00:01, 284.65it/s]
Evaluating:  10%|▉         | 51/513 [00:00<00:01, 300.42it/s]
Evaluating:  15%|█▌        | 77/513 [00:00<00:01, 290.35it/s]
Evaluating:  20%|██        | 102/513 [00:00<00:01, 280.14it/s]
Evaluating:  25%|██▌       | 128/513 [00:00<00:01, 260.88it/s]
Evaluating:  30%|███       | 154/513 [00:00<00:01, 248.37it/s]
Evaluating:  35%|███▍      | 180/513 [00:00<00:01, 236.82it/s]
Evaluating:  40%|███▉      | 205/513 [00:00<00:01, 225.74it/s]
Evaluating:  45%|████▌     | 231/513 [00:00<00:01, 214.96it/s]
Evaluating:  50%|█████     | 257/513 [00:00<00:00, 205.44it/s]
Evaluating:  55%|█████▌    | 282/513 [00:00<00:00, 197.60it/s]
Evaluating:  60%|██████    | 308/513 [00:01<00:00, 190.58it/s]
Evaluating:  65%|██████▍   | 333/513 [00:01<00:00, 184.67it/s]
Evaluating:  70%|███████   | 359/513 [00:01<00:00, 179.03it/s]
Evaluating:  75%|███████▌  | 385/513 [00:01<00:00, 173.64it/s]
Evaluating:  80%|████████   | 410/513 [00:01<00:00, 168.94it/s]
Evaluating:  85%|████████▍ | 436/513 [00:01<00:00, 164.77it/s]
Evaluating:  90%|█████████ | 461/513 [00:01<00:00, 161.06it/s]
Evaluating:  95%|█████████▌| 487/513 [00:01<00:00, 158.09it/s]
Evaluating: 100%|██████████| 513/513 [00:01<00:00, 155.42it/s]
                                                         
[2025-04-20 01:42:25] Epoch 10/100:
[2025-04-20 01:42:25] Training Loss: 0.0070
[2025-04-20 01:42:25] Validation Loss: 0.0072
[2025-04-20 01:43:27] Saved best model with validation loss: 0.0070

Training:   0%|          | 0/2054 [00:00<?, ?it/s]
Training:   1%|▏         | 21/2054 [00:00<00:58, 34.82it/s]
Training:   3%|▎         | 62/2054 [00:01<00:57, 34.91it/s]
Training:   5%|▌         | 102/2054 [00:02<00:56, 34.88it/s]
Training:   8%|▊         | 164/2054 [00:04<00:54, 34.95it/s]
Training:  10%|█         | 205/2054 [00:05<00:53, 34.92it/s]
Training:  12%|█▏        | 246/2054 [00:07<00:51, 35.01it/s]
Training:  15%|█▌        | 308/2054 [00:08<00:50, 34.98it/s]
Training:  17%|█▋        | 349/2054 [00:10<00:48, 35.05it/s]
Training:  20%|██        | 410/2054 [00:11<00:47, 35.02it/s]
Training:  22%|██▏       | 451/2054 [00:12<00:45, 35.08it/s]
Training:  25%|██▌       | 513/2054 [00:14<00:44, 35.05it/s]
Training:  27%|██▋       | 554/2054 [00:15<00:42, 35.12it/s]
Training:  30%|███       | 615/2054 [00:17<00:41, 35.09it/s]
Training:  32%|███▏      | 656/2054 [00:18<00:39, 35.15it/s]
Training:  35%|███▌      | 718/2054 [00:20<00:38, 35.12it/s]
Training:  37%|███▋      | 759/2054 [00:21<00:36, 35.18it/s]
Training:  40%|████      | 820/2054 [00:23<00:35, 35.15it/s]
Training:  42%|████▏     | 861/2054 [00:24<00:33, 35.21it/s]
Training:  45%|████▌     | 923/2054 [00:26<00:32, 35.18it/s]
Training:  47%|████▋     | 964/2054 [00:27<00:31, 35.24it/s]
Training:  50%|█████     | 1025/2054 [00:29<00:29, 35.21it/s]
Training:  52%|█████▏    | 1066/2054 [00:30<00:28, 35.27it/s]
Training:  55%|█████▌    | 1128/2054 [00:32<00:26, 35.24it/s]
Training:  57%|█████▋    | 1169/2054 [00:33<00:25, 35.30it/s]
Training:  60%|██████    | 1230/2054 [00:35<00:23, 35.27it/s]
Training:  62%|██████▏   | 1271/2054 [00:36<00:22, 35.33it/s]
Training:  65%|██████▌   | 1333/2054 [00:38<00:20, 35.30it/s]
Training:  67%|██████▋   | 1374/2054 [00:39<00:19, 35.36it/s]
Training:  70%|███████   | 1435/2054 [00:41<00:17, 35.33it/s]
Training:  72%|███████▏  | 1476/2054 [00:42<00:16, 35.39it/s]
Training:  75%|███████▌  | 1538/2054 [00:44<00:14, 35.36it/s]
Training:  77%|███████▋  | 1579/2054 [00:45<00:13, 35.42it/s]
Training:  80%|████████  | 1640/2054 [00:47<00:11, 35.39it/s]
Training:  82%|████████▏ | 1681/2054 [00:48<00:10, 35.45it/s]
Training:  85%|████████▌ | 1743/2054 [00:50<00:08, 35.42it/s]
Training:  87%|████████▋ | 1784/2054 [00:51<00:07, 35.48it/s]
Training:  90%|█████████ | 1845/2054 [00:53<00:05, 35.45it/s]
Training:  92%|█████████▏| 1886/2054 [00:54<00:04, 35.51it/s]
Training:  95%|█████████▌| 1948/2054 [00:56<00:02, 35.48it/s]
Training:  97%|█████████▋| 1989/2054 [00:57<00:01, 35.54it/s]
Training: 100%|██████████| 2054/2054 [00:58<00:00, 35.51it/s]

Evaluating:   0%|          | 0/513 [00:00<?, ?it/s]
Evaluating:   5%|▍         | 26/513 [00:00<00:01, 284.65it/s]
Evaluating:  10%|▉         | 51/513 [00:00<00:01, 300.42it/s]
Evaluating:  15%|█▌        | 77/513 [00:00<00:01, 290.35it/s]
Evaluating:  20%|██        | 102/513 [00:00<00:01, 280.14it/s]
Evaluating:  25%|██▌       | 128/513 [00:00<00:01, 260.88it/s]
Evaluating:  30%|███       | 154/513 [00:00<00:01, 248.37it/s]
Evaluating:  35%|███▍      | 180/513 [00:00<00:01, 236.82it/s]
Evaluating:  40%|███▉      | 205/513 [00:00<00:01, 225.74it/s]
Evaluating:  45%|████▌     | 231/513 [00:00<00:01, 214.96it/s]
Evaluating:  50%|█████     | 257/513 [00:00<00:00, 205.44it/s]
Evaluating:  55%|█████▌    | 282/513 [00:00<00:00, 197.60it/s]
Evaluating:  60%|██████    | 308/513 [00:01<00:00, 190.58it/s]
Evaluating:  65%|██████▍   | 333/513 [00:01<00:00, 184.67it/s]
Evaluating:  70%|███████   | 359/513 [00:01<00:00, 179.03it/s]
Evaluating:  75%|███████▌  | 385/513 [00:01<00:00, 173.64it/s]
Evaluating:  80%|████████   | 410/513 [00:01<00:00, 168.94it/s]
Evaluating:  85%|████████▍ | 436/513 [00:01<00:00, 164.77it/s]
Evaluating:  90%|█████████ | 461/513 [00:01<00:00, 161.06it/s]
Evaluating:  95%|█████████▌| 487/513 [00:01<00:00, 158.09it/s]
Evaluating: 100%|██████████| 513/513 [00:01<00:00, 155.42it/s]
                                                       
[2025-04-20 02:06:45] Epoch 20/100:
[2025-04-20 02:06:45] Training Loss: 0.0068
[2025-04-20 02:06:45] Validation Loss: 0.0070

Training:   0%|          | 0/2054 [00:00<?, ?it/s]
Training:  50%|█████     | 1025/2054 [00:29<00:29, 35.21it/s]
Training: 100%|██████████| 2054/2054 [00:58<00:00, 35.51it/s]                                                       

Evaluating:   0%|          | 0/513 [00:00<?, ?it/s]
Evaluating:   5%|▍         | 26/513 [00:00<00:01, 284.65it/s]
Evaluating:  10%|▉         | 51/513 [00:00<00:01, 300.42it/s]
Evaluating:  15%|█▌        | 77/513 [00:00<00:01, 290.35it/s]
Evaluating:  20%|██        | 102/513 [00:00<00:01, 280.14it/s]
Evaluating:  25%|██▌       | 128/513 [00:00<00:01, 260.88it/s]
Evaluating:  30%|███       | 154/513 [00:00<00:01, 248.37it/s]
Evaluating:  35%|███▍      | 180/513 [00:00<00:01, 236.82it/s]
Evaluating:  40%|███▉      | 205/513 [00:00<00:01, 225.74it/s]
Evaluating:  45%|████▌     | 231/513 [00:00<00:01, 214.96it/s]
Evaluating:  50%|█████     | 257/513 [00:00<00:00, 205.44it/s]
Evaluating:  55%|█████▌    | 282/513 [00:00<00:00, 197.60it/s]
Evaluating:  60%|██████    | 308/513 [00:01<00:00, 190.58it/s]
Evaluating:  65%|██████▍   | 333/513 [00:01<00:00, 184.67it/s]
Evaluating:  70%|███████   | 359/513 [00:01<00:00, 179.03it/s]
Evaluating:  75%|███████▌  | 385/513 [00:01<00:00, 173.64it/s]
Evaluating:  80%|████████   | 410/513 [00:01<00:00, 168.94it/s]
Evaluating:  85%|████████▍ | 436/513 [00:01<00:00, 164.77it/s]
Evaluating:  90%|█████████ | 461/513 [00:01<00:00, 161.06it/s]
Evaluating:  95%|█████████▌| 487/513 [00:01<00:00, 158.09it/s]
Evaluating: 100%|██████████| 513/513 [00:01<00:00, 155.42it/s]
                                                         
[2025-04-20 02:26:56] Epoch 30/100:
[2025-04-20 02:26:56] Training Loss: 0.0067
[2025-04-20 02:26:56] Validation Loss: 0.0069
[2025-04-20 02:27:57] Saved best model with validation loss: 0.0069
[2025-04-20 02:28:00] Saved best model with validation loss: 0.0068

Training:   0%|          | 0/2054 [00:00<?, ?it/s]
Training:   1%|▏         | 21/2054 [00:00<00:58, 34.82it/s]
Training:   3%|▎         | 62/2054 [00:01<00:57, 34.91it/s]
Training:   5%|▌         | 102/2054 [00:02<00:56, 34.88it/s]
Training:   8%|▊         | 164/2054 [00:04<00:54, 34.95it/s]
Training:  10%|█         | 205/2054 [00:05<00:53, 34.92it/s]
Training:  12%|█▏        | 246/2054 [00:07<00:51, 35.01it/s]
Training:  15%|█▌        | 308/2054 [00:08<00:50, 34.98it/s]
Training:  17%|█▋        | 349/2054 [00:10<00:48, 35.05it/s]
Training:  20%|██        | 410/2054 [00:11<00:47, 35.02it/s]
Training:  22%|██▏       | 451/2054 [00:12<00:45, 35.08it/s]
Training:  25%|██▌       | 513/2054 [00:14<00:44, 35.05it/s]
Training:  27%|██▋       | 554/2054 [00:15<00:42, 35.12it/s]
Training:  30%|███       | 615/2054 [00:17<00:41, 35.09it/s]
Training:  32%|███▏      | 656/2054 [00:18<00:39, 35.15it/s]
Training:  35%|███▌      | 718/2054 [00:20<00:38, 35.12it/s]
Training:  37%|███▋      | 759/2054 [00:21<00:36, 35.18it/s]
Training:  40%|████      | 820/2054 [00:23<00:35, 35.15it/s]
Training:  42%|████▏     | 861/2054 [00:24<00:33, 35.21it/s]
Training:  45%|████▌     | 923/2054 [00:26<00:32, 35.18it/s]
Training:  47%|████▋     | 964/2054 [00:27<00:31, 35.24it/s]
Training:  50%|█████     | 1025/2054 [00:29<00:29, 35.21it/s]
Training:  52%|█████▏    | 1066/2054 [00:30<00:28, 35.27it/s]
Training:  55%|█████▌    | 1128/2054 [00:32<00:26, 35.24it/s]
Training:  57%|█████▋    | 1169/2054 [00:33<00:25, 35.30it/s]
Training:  60%|██████    | 1230/2054 [00:35<00:23, 35.27it/s]
Training:  62%|██████▏   | 1271/2054 [00:36<00:22, 35.33it/s]
Training:  65%|██████▌   | 1333/2054 [00:38<00:20, 35.30it/s]
Training:  67%|██████▋   | 1374/2054 [00:39<00:19, 35.36it/s]
Training:  70%|███████   | 1435/2054 [00:41<00:17, 35.33it/s]
Training:  72%|███████▏  | 1476/2054 [00:42<00:16, 35.39it/s]
Training:  75%|███████▌  | 1538/2054 [00:44<00:14, 35.36it/s]
Training:  77%|███████▋  | 1579/2054 [00:45<00:13, 35.42it/s]
Training:  80%|████████  | 1640/2054 [00:47<00:11, 35.39it/s]
Training:  82%|████████▏ | 1681/2054 [00:48<00:10, 35.45it/s]
Training:  85%|████████▌ | 1743/2054 [00:50<00:08, 35.42it/s]
Training:  87%|████████▋ | 1784/2054 [00:51<00:07, 35.48it/s]
Training:  90%|█████████ | 1845/2054 [00:53<00:05, 35.45it/s]
Training:  92%|█████████▏| 1886/2054 [00:54<00:04, 35.51it/s]
Training:  95%|█████████▌| 1948/2054 [00:56<00:02, 35.48it/s]
Training:  97%|█████████▋| 1989/2054 [00:57<00:01, 35.54it/s]
Training: 100%|██████████| 2054/2054 [00:58<00:00, 35.51it/s]

Evaluating:   0%|          | 0/513 [00:00<?, ?it/s]
Evaluating:   5%|▍         | 26/513 [00:00<00:01, 284.65it/s]
Evaluating:  10%|▉         | 51/513 [00:00<00:01, 300.42it/s]
Evaluating:  15%|█▌        | 77/513 [00:00<00:01, 290.35it/s]
Evaluating:  20%|██        | 102/513 [00:00<00:01, 280.14it/s]
Evaluating:  25%|██▌       | 128/513 [00:00<00:01, 260.88it/s]
Evaluating:  30%|███       | 154/513 [00:00<00:01, 248.37it/s]
Evaluating:  35%|███▍      | 180/513 [00:00<00:01, 236.82it/s]
Evaluating:  40%|███▉      | 205/513 [00:00<00:01, 225.74it/s]
Evaluating:  45%|████▌     | 231/513 [00:00<00:01, 214.96it/s]
Evaluating:  50%|█████     | 257/513 [00:00<00:00, 205.44it/s]
Evaluating:  55%|█████▌    | 282/513 [00:00<00:00, 197.60it/s]
Evaluating:  60%|██████    | 308/513 [00:01<00:00, 190.58it/s]
Evaluating:  65%|██████▍   | 333/513 [00:01<00:00, 184.67it/s]
Evaluating:  70%|███████   | 359/513 [00:01<00:00, 179.03it/s]
Evaluating:  75%|███████▌  | 385/513 [00:01<00:00, 173.64it/s]
Evaluating:  80%|████████   | 410/513 [00:01<00:00, 168.94it/s]
Evaluating:  85%|████████▍ | 436/513 [00:01<00:00, 164.77it/s]
Evaluating:  90%|█████████ | 461/513 [00:01<00:00, 161.06it/s]
Evaluating:  95%|█████████▌| 487/513 [00:01<00:00, 158.09it/s]
Evaluating: 100%|██████████| 513/513 [00:01<00:00, 155.42it/s]
                                                        
[2025-04-20 02:41:10] Epoch 40/100:
[2025-04-20 02:41:10] Training Loss: 0.0066
[2025-04-20 02:41:10] Validation Loss: 0.0068

Training:   0%|          | 0/2054 [00:00<?, ?it/s]
Training:  50%|█████     | 1025/2054 [00:29<00:29, 35.21it/s]
Training: 100%|██████████| 2054/2054 [00:58<00:00, 35.51it/s]                                                         

Evaluating:   0%|          | 0/513 [00:00<?, ?it/s]
Evaluating:   5%|▍         | 26/513 [00:00<00:01, 284.65it/s]
Evaluating:  10%|▉         | 51/513 [00:00<00:01, 300.42it/s]
Evaluating:  15%|█▌        | 77/513 [00:00<00:01, 290.35it/s]
Evaluating:  20%|██        | 102/513 [00:00<00:01, 280.14it/s]
Evaluating:  25%|██▌       | 128/513 [00:00<00:01, 260.88it/s]
Evaluating:  30%|███       | 154/513 [00:00<00:01, 248.37it/s]
Evaluating:  35%|███▍      | 180/513 [00:00<00:01, 236.82it/s]
Evaluating:  40%|███▉      | 205/513 [00:00<00:01, 225.74it/s]
Evaluating:  45%|████▌     | 231/513 [00:00<00:01, 214.96it/s]
Evaluating:  50%|█████     | 257/513 [00:00<00:00, 205.44it/s]
Evaluating:  55%|█████▌    | 282/513 [00:00<00:00, 197.60it/s]
Evaluating:  60%|██████    | 308/513 [00:01<00:00, 190.58it/s]
Evaluating:  65%|██████▍   | 333/513 [00:01<00:00, 184.67it/s]
Evaluating:  70%|███████   | 359/513 [00:01<00:00, 179.03it/s]
Evaluating:  75%|███████▌  | 385/513 [00:01<00:00, 173.64it/s]
Evaluating:  80%|████████   | 410/513 [00:01<00:00, 168.94it/s]
Evaluating:  85%|████████▍ | 436/513 [00:01<00:00, 164.77it/s]
Evaluating:  90%|█████████ | 461/513 [00:01<00:00, 161.06it/s]
Evaluating:  95%|█████████▌| 487/513 [00:01<00:00, 158.09it/s]
Evaluating: 100%|██████████| 513/513 [00:01<00:00, 155.42it/s]
                                                         
[2025-04-20 03:00:07] Epoch 50/100:
[2025-04-20 03:00:07] Training Loss: 0.0065
[2025-04-20 03:00:07] Validation Loss: 0.0068

Training:   0%|          | 0/2054 [00:00<?, ?it/s]
Training:  50%|█████     | 1025/2054 [00:29<00:29, 35.21it/s]
Training: 100%|██████████| 2054/2054 [00:58<00:00, 35.51it/s]                                                        

Evaluating:   0%|          | 0/513 [00:00<?, ?it/s]
Evaluating:   5%|▍         | 26/513 [00:00<00:01, 284.65it/s]
Evaluating:  10%|▉         | 51/513 [00:00<00:01, 300.42it/s]
Evaluating:  15%|█▌        | 77/513 [00:00<00:01, 290.35it/s]
Evaluating:  20%|██        | 102/513 [00:00<00:01, 280.14it/s]
Evaluating:  25%|██▌       | 128/513 [00:00<00:01, 260.88it/s]
Evaluating:  30%|███       | 154/513 [00:00<00:01, 248.37it/s]
Evaluating:  35%|███▍      | 180/513 [00:00<00:01, 236.82it/s]
Evaluating:  40%|███▉      | 205/513 [00:00<00:01, 225.74it/s]
Evaluating:  45%|████▌     | 231/513 [00:00<00:01, 214.96it/s]
Evaluating:  50%|█████     | 257/513 [00:00<00:00, 205.44it/s]
Evaluating:  55%|█████▌    | 282/513 [00:00<00:00, 197.60it/s]
Evaluating:  60%|██████    | 308/513 [00:01<00:00, 190.58it/s]
Evaluating:  65%|██████▍   | 333/513 [00:01<00:00, 184.67it/s]
Evaluating:  70%|███████   | 359/513 [00:01<00:00, 179.03it/s]
Evaluating:  75%|███████▌  | 385/513 [00:01<00:00, 173.64it/s]
Evaluating:  80%|████████   | 410/513 [00:01<00:00, 168.94it/s]
Evaluating:  85%|████████▍ | 436/513 [00:01<00:00, 164.77it/s]
Evaluating:  90%|█████████ | 461/513 [00:01<00:00, 161.06it/s]
Evaluating:  95%|█████████▌| 487/513 [00:01<00:00, 158.09it/s]
Evaluating: 100%|██████████| 513/513 [00:01<00:00, 155.42it/s]
                                                         
[2025-04-20 03:17:12] Epoch 60/100:
[2025-04-20 03:17:12] Training Loss: 0.0064
[2025-04-20 03:17:12] Validation Loss: 0.0067
[2025-04-20 03:18:14] Saved best model with validation loss: 0.0067
[2025-04-20 03:20:17] Saved best model with validation loss: 0.0066

Training:   0%|          | 0/2054 [00:00<?, ?it/s]
Training:   1%|▏         | 21/2054 [00:00<00:58, 34.82it/s]
Training:   3%|▎         | 62/2054 [00:01<00:57, 34.91it/s]
Training:   5%|▌         | 102/2054 [00:02<00:56, 34.88it/s]
Training:   8%|▊         | 164/2054 [00:04<00:54, 34.95it/s]
Training:  10%|█         | 205/2054 [00:05<00:53, 34.92it/s]
Training:  12%|█▏        | 246/2054 [00:07<00:51, 35.01it/s]
Training:  15%|█▌        | 308/2054 [00:08<00:50, 34.98it/s]
Training:  17%|█▋        | 349/2054 [00:10<00:48, 35.05it/s]
Training:  20%|██        | 410/2054 [00:11<00:47, 35.02it/s]
Training:  22%|██▏       | 451/2054 [00:12<00:45, 35.08it/s]
Training:  25%|██▌       | 513/2054 [00:14<00:44, 35.05it/s]
Training:  27%|██▋       | 554/2054 [00:15<00:42, 35.12it/s]
Training:  30%|███       | 615/2054 [00:17<00:41, 35.09it/s]
Training:  32%|███▏      | 656/2054 [00:18<00:39, 35.15it/s]
Training:  35%|███▌      | 718/2054 [00:20<00:38, 35.12it/s]
Training:  37%|███▋      | 759/2054 [00:21<00:36, 35.18it/s]
Training:  40%|████      | 820/2054 [00:23<00:35, 35.15it/s]
Training:  42%|████▏     | 861/2054 [00:24<00:33, 35.21it/s]
Training:  45%|████▌     | 923/2054 [00:26<00:32, 35.18it/s]
Training:  47%|████▋     | 964/2054 [00:27<00:31, 35.24it/s]
Training:  50%|█████     | 1025/2054 [00:29<00:29, 35.21it/s]
Training:  52%|█████▏    | 1066/2054 [00:30<00:28, 35.27it/s]
Training:  55%|█████▌    | 1128/2054 [00:32<00:26, 35.24it/s]
Training:  57%|█████▋    | 1169/2054 [00:33<00:25, 35.30it/s]
Training:  60%|██████    | 1230/2054 [00:35<00:23, 35.27it/s]
Training:  62%|██████▏   | 1271/2054 [00:36<00:22, 35.33it/s]
Training:  65%|██████▌   | 1333/2054 [00:38<00:20, 35.30it/s]
Training:  67%|██████▋   | 1374/2054 [00:39<00:19, 35.36it/s]
Training:  70%|███████   | 1435/2054 [00:41<00:17, 35.33it/s]
Training:  72%|███████▏  | 1476/2054 [00:42<00:16, 35.39it/s]
Training:  75%|███████▌  | 1538/2054 [00:44<00:14, 35.36it/s]
Training:  77%|███████▋  | 1579/2054 [00:45<00:13, 35.42it/s]
Training:  80%|████████  | 1640/2054 [00:47<00:11, 35.39it/s]
Training:  82%|████████▏ | 1681/2054 [00:48<00:10, 35.45it/s]
Training:  85%|████████▌ | 1743/2054 [00:50<00:08, 35.42it/s]
Training:  87%|████████▋ | 1784/2054 [00:51<00:07, 35.48it/s]
Training:  90%|█████████ | 1845/2054 [00:53<00:05, 35.45it/s]
Training:  92%|█████████▏| 1886/2054 [00:54<00:04, 35.51it/s]
Training:  95%|█████████▌| 1948/2054 [00:56<00:02, 35.48it/s]
Training:  97%|█████████▋| 1989/2054 [00:57<00:01, 35.54it/s]
Training: 100%|██████████| 2054/2054 [00:58<00:00, 35.51it/s]
                                                       

Evaluating:   0%|          | 0/513 [00:00<?, ?it/s]
Evaluating:   5%|▍         | 26/513 [00:00<00:01, 284.65it/s]
Evaluating:  10%|▉         | 51/513 [00:00<00:01, 300.42it/s]
Evaluating:  15%|█▌        | 77/513 [00:00<00:01, 290.35it/s]
Evaluating:  20%|██        | 102/513 [00:00<00:01, 280.14it/s]
Evaluating:  25%|██▌       | 128/513 [00:00<00:01, 260.88it/s]
Evaluating:  30%|███       | 154/513 [00:00<00:01, 248.37it/s]
Evaluating:  35%|███▍      | 180/513 [00:00<00:01, 236.82it/s]
Evaluating:  40%|███▉      | 205/513 [00:00<00:01, 225.74it/s]
Evaluating:  45%|████▌     | 231/513 [00:00<00:01, 214.96it/s]
Evaluating:  50%|█████     | 257/513 [00:00<00:00, 205.44it/s]
Evaluating:  55%|█████▌    | 282/513 [00:00<00:00, 197.60it/s]
Evaluating:  60%|██████    | 308/513 [00:01<00:00, 190.58it/s]
Evaluating:  65%|██████▍   | 333/513 [00:01<00:00, 184.67it/s]
Evaluating:  70%|███████   | 359/513 [00:01<00:00, 179.03it/s]
Evaluating:  75%|███████▌  | 385/513 [00:01<00:00, 173.64it/s]
Evaluating:  80%|████████   | 410/513 [00:01<00:00, 168.94it/s]
Evaluating:  85%|████████▍ | 436/513 [00:01<00:00, 164.77it/s]
Evaluating:  90%|█████████ | 461/513 [00:01<00:00, 161.06it/s]
Evaluating:  95%|█████████▌| 487/513 [00:01<00:00, 158.09it/s]
Evaluating: 100%|██████████| 513/513 [00:01<00:00, 155.42it/s]
                                                         
[2025-04-20 03:27:19] Epoch 70/100:
[2025-04-20 03:49:19] Training Loss: 0.0063
[2025-04-20 03:49:19] Validation Loss: 0.0067

Training:   0%|          | 0/2054 [00:00<?, ?it/s]
Training:   1%|▏         | 21/2054 [00:00<00:58, 34.82it/s]
Training:   3%|▎         | 62/2054 [00:01<00:57, 34.91it/s]
Training:   5%|▌         | 102/2054 [00:02<00:56, 34.88it/s]
Training:   8%|▊         | 164/2054 [00:04<00:54, 34.95it/s]
Training:  10%|█         | 205/2054 [00:05<00:53, 34.92it/s]
Training:  12%|█▏        | 246/2054 [00:07<00:51, 35.01it/s]
Training:  15%|█▌        | 308/2054 [00:08<00:50, 34.98it/s]
Training:  17%|█▋        | 349/2054 [00:10<00:48, 35.05it/s]
Training:  20%|██        | 410/2054 [00:11<00:47, 35.02it/s]
Training:  22%|██▏       | 451/2054 [00:12<00:45, 35.08it/s]
Training:  25%|██▌       | 513/2054 [00:14<00:44, 35.05it/s]
Training:  27%|██▋       | 554/2054 [00:15<00:42, 35.12it/s]
Training:  30%|███       | 615/2054 [00:17<00:41, 35.09it/s]
Training:  32%|███▏      | 656/2054 [00:18<00:39, 35.15it/s]
Training:  35%|███▌      | 718/2054 [00:20<00:38, 35.12it/s]
Training:  37%|███▋      | 759/2054 [00:21<00:36, 35.18it/s]
Training:  40%|████      | 820/2054 [00:23<00:35, 35.15it/s]
Training:  42%|████▏     | 861/2054 [00:24<00:33, 35.21it/s]
Training:  45%|████▌     | 923/2054 [00:26<00:32, 35.18it/s]
Training:  47%|████▋     | 964/2054 [00:27<00:31, 35.24it/s]
Training:  50%|█████     | 1025/2054 [00:29<00:29, 35.21it/s]
Training:  52%|█████▏    | 1066/2054 [00:30<00:28, 35.27it/s]
Training:  55%|█████▌    | 1128/2054 [00:32<00:26, 35.24it/s]
Training:  57%|█████▋    | 1169/2054 [00:33<00:25, 35.30it/s]
Training:  60%|██████    | 1230/2054 [00:35<00:23, 35.27it/s]
Training:  62%|██████▏   | 1271/2054 [00:36<00:22, 35.33it/s]
Training:  65%|██████▌   | 1333/2054 [00:38<00:20, 35.30it/s]
Training:  67%|██████▋   | 1374/2054 [00:39<00:19, 35.36it/s]
Training:  70%|███████   | 1435/2054 [00:41<00:17, 35.33it/s]
Training:  72%|███████▏  | 1476/2054 [00:42<00:16, 35.39it/s]
Training:  75%|███████▌  | 1538/2054 [00:44<00:14, 35.36it/s]
Training:  77%|███████▋  | 1579/2054 [00:45<00:13, 35.42it/s]
Training:  80%|████████  | 1640/2054 [00:47<00:11, 35.39it/s]
Training:  82%|████████▏ | 1681/2054 [00:48<00:10, 35.45it/s]
Training:  85%|████████▌ | 1743/2054 [00:50<00:08, 35.42it/s]
Training:  87%|████████▋ | 1784/2054 [00:51<00:07, 35.48it/s]
Training:  90%|█████████ | 1845/2054 [00:53<00:05, 35.45it/s]
Training:  92%|█████████▏| 1886/2054 [00:54<00:04, 35.51it/s]
Training:  95%|█████████▌| 1948/2054 [00:56<00:02, 35.48it/s]
Training:  97%|█████████▋| 1989/2054 [00:57<00:01, 35.54it/s]
Training: 100%|██████████| 2054/2054 [00:58<00:00, 35.51it/s]

Evaluating:   0%|          | 0/513 [00:00<?, ?it/s]
Evaluating:   5%|▍         | 26/513 [00:00<00:01, 284.65it/s]
Evaluating:  10%|▉         | 51/513 [00:00<00:01, 300.42it/s]
Evaluating:  15%|█▌        | 77/513 [00:00<00:01, 290.35it/s]
Evaluating:  20%|██        | 102/513 [00:00<00:01, 280.14it/s]
Evaluating:  25%|██▌       | 128/513 [00:00<00:01, 260.88it/s]
Evaluating:  30%|███       | 154/513 [00:00<00:01, 248.37it/s]
Evaluating:  35%|███▍      | 180/513 [00:00<00:01, 236.82it/s]
Evaluating:  40%|███▉      | 205/513 [00:00<00:01, 225.74it/s]
Evaluating:  45%|████▌     | 231/513 [00:00<00:01, 214.96it/s]
Evaluating:  50%|█████     | 257/513 [00:00<00:00, 205.44it/s]
Evaluating:  55%|█████▌    | 282/513 [00:00<00:00, 197.60it/s]
Evaluating:  60%|██████    | 308/513 [00:01<00:00, 190.58it/s]
Evaluating:  65%|██████▍   | 333/513 [00:01<00:00, 184.67it/s]
Evaluating:  70%|███████   | 359/513 [00:01<00:00, 179.03it/s]
Evaluating:  75%|███████▌  | 385/513 [00:01<00:00, 173.64it/s]
Evaluating:  80%|████████   | 410/513 [00:01<00:00, 168.94it/s]
Evaluating:  85%|████████▍ | 436/513 [00:01<00:00, 164.77it/s]
Evaluating:  90%|█████████ | 461/513 [00:01<00:00, 161.06it/s]
Evaluating:  95%|█████████▌| 487/513 [00:01<00:00, 158.09it/s]
Evaluating: 100%|██████████| 513/513 [00:01<00:00, 155.42it/s]
                                                         
[2025-04-20 04:07:26] Epoch 80/100:
[2025-04-20 04:07:26] Training Loss: 0.0062
[2025-04-20 04:07:26] Validation Loss: 0.0066

Training:   0%|          | 0/2054 [00:00<?, ?it/s]
Training:  10%|█         | 205/2054 [00:05<00:52, 35.12it/s]
Training:  20%|██        | 411/2054 [00:11<00:47, 35.08it/s]
Training:  30%|███       | 616/2054 [00:17<00:41, 35.15it/s]
Training:  40%|████      | 822/2054 [00:23<00:35, 35.22it/s]
Training:  50%|█████     | 1025/2054 [00:29<00:29, 35.21it/s]
Training:  60%|██████    | 1232/2054 [00:35<00:23, 35.28it/s]
Training:  70%|███████   | 1438/2054 [00:41<00:17, 35.25it/s]
Training:  80%|████████  | 1643/2054 [00:47<00:11, 35.32it/s]
Training:  90%|█████████ | 1849/2054 [00:53<00:05, 35.29it/s]
Training: 100%|██████████| 2054/2054 [00:58<00:00, 35.51it/s]
                                                      

Evaluating:   0%|          | 0/513 [00:00<?, ?it/s]
Evaluating:   5%|▍         | 26/513 [00:00<00:01, 284.65it/s]
Evaluating:  10%|▉         | 51/513 [00:00<00:01, 300.42it/s]
Evaluating:  15%|█▌        | 77/513 [00:00<00:01, 290.35it/s]
Evaluating:  20%|██        | 102/513 [00:00<00:01, 280.14it/s]
Evaluating:  25%|██▌       | 128/513 [00:00<00:01, 260.88it/s]
Evaluating:  30%|███       | 154/513 [00:00<00:01, 248.37it/s]
Evaluating:  35%|███▍      | 180/513 [00:00<00:01, 236.82it/s]
Evaluating:  40%|███▉      | 205/513 [00:00<00:01, 225.74it/s]
Evaluating:  45%|████▌     | 231/513 [00:00<00:01, 214.96it/s]
Evaluating:  50%|█████     | 257/513 [00:00<00:00, 205.44it/s]
Evaluating:  55%|█████▌    | 282/513 [00:00<00:00, 197.60it/s]
Evaluating:  60%|██████    | 308/513 [00:01<00:00, 190.58it/s]
Evaluating:  65%|██████▍   | 333/513 [00:01<00:00, 184.67it/s]
Evaluating:  70%|███████   | 359/513 [00:01<00:00, 179.03it/s]
Evaluating:  75%|███████▌  | 385/513 [00:01<00:00, 173.64it/s]
Evaluating:  80%|████████   | 410/513 [00:01<00:00, 168.94it/s]
Evaluating:  85%|████████▍ | 436/513 [00:01<00:00, 164.77it/s]
Evaluating:  90%|█████████ | 461/513 [00:01<00:00, 161.06it/s]
Evaluating:  95%|█████████▌| 487/513 [00:01<00:00, 158.09it/s]
Evaluating: 100%|██████████| 513/513 [00:01<00:00, 155.42it/s]
                                                         
[2025-04-20 04:17:24] Epoch 90/100:
[2025-04-20 04:17:24] Training Loss: 0.0061
[2025-04-20 04:17:24] Validation Loss: 0.0066

Training:   0%|          | 0/2054 [00:00<?, ?it/s]
Training:  15%|█▌        | 308/2054 [00:08<00:49, 35.18it/s]
Training:  30%|███       | 616/2054 [00:17<00:41, 35.15it/s]
Training:  45%|████▌     | 924/2054 [00:26<00:32, 35.12it/s]
Training:  60%|██████    | 1232/2054 [00:35<00:23, 35.28it/s]
Training:  75%|███████▌  | 1541/2054 [00:44<00:54, 35.25it/s]
Training:  90%|█████████ | 1849/2054 [00:53<00:05, 35.29it/s]
Training: 100%|██████████| 2054/2054 [00:58<00:00, 35.51it/s]                                                   

Evaluating:   0%|          | 0/513 [00:00<?, ?it/s]
Evaluating:   5%|▍         | 26/513 [00:00<00:01, 284.65it/s]
Evaluating:  10%|▉         | 51/513 [00:00<00:01, 300.42it/s]
Evaluating:  15%|█▌        | 77/513 [00:00<00:01, 290.35it/s]
Evaluating:  20%|██        | 102/513 [00:00<00:01, 280.14it/s]
Evaluating:  25%|██▌       | 128/513 [00:00<00:01, 260.88it/s]
Evaluating:  30%|███       | 154/513 [00:00<00:01, 248.37it/s]
Evaluating:  35%|███▍      | 180/513 [00:00<00:01, 236.82it/s]
Evaluating:  40%|███▉      | 205/513 [00:00<00:01, 225.74it/s]
Evaluating:  45%|████▌     | 231/513 [00:00<00:01, 214.96it/s]
Evaluating:  50%|█████     | 257/513 [00:00<00:00, 205.44it/s]
Evaluating:  55%|█████▌    | 282/513 [00:00<00:00, 197.60it/s]
Evaluating:  60%|██████    | 308/513 [00:01<00:00, 190.58it/s]
Evaluating:  65%|██████▍   | 333/513 [00:01<00:00, 184.67it/s]
Evaluating:  70%|███████   | 359/513 [00:01<00:00, 179.03it/s]
Evaluating:  75%|███████▌  | 385/513 [00:01<00:00, 173.64it/s]
Evaluating:  80%|████████   | 410/513 [00:01<00:00, 168.94it/s]
Evaluating:  85%|████████▍ | 436/513 [00:01<00:00, 164.77it/s]
Evaluating:  90%|█████████ | 461/513 [00:01<00:00, 161.06it/s]
Evaluating:  95%|█████████▌| 487/513 [00:01<00:00, 158.09it/s]
Evaluating: 100%|██████████| 513/513 [00:01<00:00, 155.42it/s]
                                                      
[2025-04-20 04:27:13] Epoch 100/100:
[2025-04-20 04:27:13] Training Loss: 0.0060
[2025-04-20 04:27:13] Validation Loss: 0.0065

Training:   0%|          | 0/2054 [00:00<?, ?it/s]
Training:  12%|█▏        | 246/2054 [00:07<00:51, 35.01it/s]
Training:  25%|██▌       | 513/2054 [00:54<00:44, 35.08it/s]
Training:  38%|███▊      | 781/2054 [00:22<00:36, 35.14it/s]
Training:  50%|█████     | 1025/2054 [00:29<00:29, 35.21it/s]
Training:  63%|██████▎   | 1294/2054 [00:37<00:21, 35.27it/s]
Training:  75%|███████▌  | 1541/2054 [00:44<00:54, 35.25it/s]
Training:  88%|████████▊ | 1808/2054 [00:51<00:07, 35.31it/s]
Training: 100%|██████████| 2054/2054 [00:58<00:00, 35.51it/s]

                                                         

Evaluating:   0%|          | 0/513 [00:00<?, ?it/s]
Evaluating:  25%|██▌       | 128/513 [00:00<00:00, 178.85it/s]
Evaluating:  50%|█████     | 257/513 [00:00<00:00, 178.92it/s]
Evaluating:  75%|███████▌  | 385/513 [00:00<00:00, 178.88it/s]
Evaluating: 100%|██████████| 513/513 [00:00<00:00, 178.93it/s]

                                                         
[2025-04-20 04:28:13] Evaluating final model on test set...

Evaluating:   0%|          | 0/642 [00:00<?, ?it/s]
Evaluating:   0%|          | 1/642 [00:00<04:53,  2.18it/s]
Evaluating:   3%|▎         | 17/642 [00:00<00:55, 39.44it/s]
Evaluating:   5%|▍         | 31/642 [00:00<00:09, 64.30it/s]
Evaluating:   7%|▋         | 48/642 [00:00<00:06, 90.62it/s]
Evaluating:  10%|▉         | 62/642 [00:00<00:05, 99.90it/s]
Evaluating:  12%|█▏        | 75/642 [00:00<00:05, 107.49it/s]
Evaluating:  14%|█▍        | 89/642 [00:01<00:04, 114.66it/s]
Evaluating:  17%|█▋        | 106/642 [00:01<00:04, 130.13it/s]
Evaluating:  19%|█▉        | 124/642 [00:01<00:02, 143.08it/s]
Evaluating:  23%|██▎       | 145/642 [00:01<00:02, 160.45it/s]
Evaluating:  26%|██▌       | 166/642 [00:01<00:02, 172.98it/s]
Evaluating:  29%|██▉       | 186/642 [00:01<00:02, 179.21it/s]
Evaluating:  32%|███▏      | 207/642 [00:01<00:02, 185.56it/s]
Evaluating:  35%|███▌      | 226/642 [00:01<00:02, 182.02it/s]
Evaluating:  38%|███▊      | 245/642 [00:01<00:02, 183.55it/s]
Evaluating:  41%|████      | 264/642 [00:02<00:02, 175.90it/s]
Evaluating:  44%|████▍     | 282/642 [00:02<00:02, 173.07it/s]
Evaluating:  47%|████▋     | 300/642 [00:02<00:02, 170.44it/s]
Evaluating:  50%|████▉     | 318/642 [00:02<00:01, 171.20it/s]
Evaluating:  52%|█████▏    | 336/642 [00:02<00:01, 169.83it/s]
Evaluating:  55%|█████▌    | 354/642 [00:02<00:01, 159.13it/s]
Evaluating:  58%|█████▊    | 371/642 [00:02<00:01, 138.93it/s]
Evaluating:  60%|██████    | 386/642 [00:02<00:01, 134.42it/s]
Evaluating:  63%|██████▎   | 404/642 [00:02<00:01, 145.51it/s]
Evaluating:  66%|██████▌   | 422/642 [00:02<00:01, 154.16it/s]
Evaluating:  69%|██████▊   | 441/642 [00:02<00:01, 162.87it/s]
Evaluating:  71%|███████▏  | 459/642 [00:02<00:01, 165.85it/s]
Evaluating:  74%|███████▍  | 476/642 [00:02<00:01, 158.52it/s]
Evaluating:  77%|███████▋  | 494/642 [00:02<00:00, 164.21it/s]
Evaluating:  80%|████████  | 514/642 [00:02<00:00, 172.72it/s]
Evaluating:  83%|████████▎ | 534/642 [00:02<00:00, 178.71it/s]
Evaluating:  86%|████████▌ | 553/642 [00:02<00:00, 178.92it/s]
Evaluating:  89%|████████▉ | 571/642 [00:02<00:00, 178.93it/s]
Evaluating:  92%|█████████▏| 589/642 [00:04<00:00, 170.23it/s]
Evaluating:  95%|█████████▍| 607/642 [00:04<00:00, 166.94it/s]
Evaluating:  98%|█████████▊| 626/642 [00:04<00:00, 171.91it/s]
Evaluating: 100%|██████████| 642/642 [00:04<00:00, 142.69it/s]

Evaluation Results:
Metric     Value
   MSE  0.006845
   PCC  0.552667
    R2  0.461082
MSE_DE  0.006845
PCC_DE  0.326521
 R2_DE  0.261085

Model and evaluation results saved to: cytokines_final_model_20250420_001451.pt
[2025-04-20 04:57:33] 
Final Evaluation Results:
[2025-04-20 04:57:33]          Metric     Value                                           Best_Params
0            MSE  0.006845  {'input_dim': 1647, 'output_dim': 1647, 'pert_dim': 3, '...
1            PCC  0.552667  {'input_dim': 1647, 'output_dim': 1647, 'pert_dim': 3, '...
2             R2  0.461082  {'input_dim': 1647, 'output_dim': 1647, 'pert_dim': 3, '...
3         MSE_DE  0.006845  {'input_dim': 1647, 'output_dim': 1647, 'pert_dim': 3, '...
4         PCC_DE  0.326521  {'input_dim': 1647, 'output_dim': 1647, 'pert_dim': 3, '...
5          R2_DE  0.261085  {'input_dim': 1647, 'output_dim': 1647, 'pert_dim': 3, '...
